CBMC version 5.3 64-bit x86_64 linux
Parsing ../Examples/LazyCSeqFormat/_cs_peterson_true-unreach-call.c
Converting
Type-checking _cs_peterson_true-unreach-call
Generating GOTO Program
Adding CPROVER library
Function Pointer Removal
Partial Inlining
Generic Property Instrumentation
Starting Bounded Model Checking
size of program expression: 3778 steps
simple slicing removed 198 assignments
Generated 21 VCC(s), 21 remaining after simplification
Passing problem to propositional reduction
converting SSA
Running propositional reduction
Post-processing
Solving with MiniSAT 2.2.0 with simplifier
12894 variables, 28539 clauses
SAT checker: negated claim is UNSATISFIABLE, i.e., holds
Runtime decision procedure: 0.072s
VERIFICATION SUCCESSFUL
