CBMC version 5.3 64-bit x86_64 linux
Parsing ../Examples/LazyCSeqFormat/_cs_qrcu_true-unreach-call.c
Converting
Type-checking _cs_qrcu_true-unreach-call
Generating GOTO Program
Adding CPROVER library
Function Pointer Removal
Partial Inlining
Generic Property Instrumentation
Starting Bounded Model Checking
size of program expression: 14195 steps
simple slicing removed 297 assignments
Generated 33 VCC(s), 33 remaining after simplification
Passing problem to propositional reduction
converting SSA
Running propositional reduction
Post-processing
Solving with MiniSAT 2.2.0 with simplifier
116173 variables, 378804 clauses
SAT checker: negated claim is UNSATISFIABLE, i.e., holds
Runtime decision procedure: 33.156s
VERIFICATION SUCCESSFUL
