CBMC version 5.3 64-bit x86_64 linux
Parsing ../Examples/LazyCSeqFormat/_cs_read_write_lock_false-unreach-call.c
Converting
Type-checking _cs_read_write_lock_false-unreach-call
Generating GOTO Program
Adding CPROVER library
Function Pointer Removal
Partial Inlining
Generic Property Instrumentation
Starting Bounded Model Checking
size of program expression: 1523 steps
simple slicing removed 307 assignments
Generated 4 VCC(s), 4 remaining after simplification
Passing problem to propositional reduction
converting SSA
Running propositional reduction
Post-processing
Solving with MiniSAT 2.2.0 with simplifier
6708 variables, 15132 clauses
SAT checker: negated claim is SATISFIABLE, i.e., does not hold
Runtime decision procedure: 0.029s
Building error trace

Counterexample:

State 34 file ../Examples/LazyCSeqFormat/_cs_read_write_lock_false-unreach-call.c line 190 function main thread 0
----------------------------------------------------
  tmp_t0_r0=4 (0100)

State 35 file ../Examples/LazyCSeqFormat/_cs_read_write_lock_false-unreach-call.c line 191 function main thread 0
----------------------------------------------------
  tmp_t1_r0=0 (00)

State 36 file ../Examples/LazyCSeqFormat/_cs_read_write_lock_false-unreach-call.c line 192 function main thread 0
----------------------------------------------------
  tmp_t2_r0=6 (110)

State 37 file ../Examples/LazyCSeqFormat/_cs_read_write_lock_false-unreach-call.c line 193 function main thread 0
----------------------------------------------------
  tmp_t3_r0=0 (00)

State 38 file ../Examples/LazyCSeqFormat/_cs_read_write_lock_false-unreach-call.c line 194 function main thread 0
----------------------------------------------------
  tmp_t4_r0=4 (100)

State 39 file ../Examples/LazyCSeqFormat/_cs_read_write_lock_false-unreach-call.c line 195 function main thread 0
----------------------------------------------------
  tmp_t0_r1=0 (0000)

State 40 file ../Examples/LazyCSeqFormat/_cs_read_write_lock_false-unreach-call.c line 196 function main thread 0
----------------------------------------------------
  tmp_t1_r1=0 (00)

State 41 file ../Examples/LazyCSeqFormat/_cs_read_write_lock_false-unreach-call.c line 197 function main thread 0
----------------------------------------------------
  tmp_t2_r1=1 (001)

State 42 file ../Examples/LazyCSeqFormat/_cs_read_write_lock_false-unreach-call.c line 198 function main thread 0
----------------------------------------------------
  tmp_t3_r1=3 (11)

State 43 file ../Examples/LazyCSeqFormat/_cs_read_write_lock_false-unreach-call.c line 199 function main thread 0
----------------------------------------------------
  tmp_t4_r1=1 (001)

State 44 file ../Examples/LazyCSeqFormat/_cs_read_write_lock_false-unreach-call.c line 200 function main thread 0
----------------------------------------------------
  tmp_t0_r2=1 (0001)

State 45 file ../Examples/LazyCSeqFormat/_cs_read_write_lock_false-unreach-call.c line 202 function main thread 0
----------------------------------------------------
  top0=0 (000000)

State 46 file ../Examples/LazyCSeqFormat/_cs_read_write_lock_false-unreach-call.c line 202 function main thread 0
----------------------------------------------------
  top0=8 (001000)

State 47 file ../Examples/LazyCSeqFormat/_cs_read_write_lock_false-unreach-call.c line 203 function main thread 0
----------------------------------------------------
  sum0=0 (000000)

State 48 file ../Examples/LazyCSeqFormat/_cs_read_write_lock_false-unreach-call.c line 203 function main thread 0
----------------------------------------------------
  sum0=5 (000101)

State 50 file ../Examples/LazyCSeqFormat/_cs_read_write_lock_false-unreach-call.c line 206 function main thread 0
----------------------------------------------------
  thread_index=0 (00000000000000000000000000000000)

State 51 file ../Examples/LazyCSeqFormat/_cs_read_write_lock_false-unreach-call.c line 207 function main thread 0
----------------------------------------------------
  pc_cs[0]=4 (00100)

State 60 file ../Examples/LazyCSeqFormat/_cs_read_write_lock_false-unreach-call.c line 166 function main_thread thread 0
----------------------------------------------------
  var=&__csLOCAL_main_t1 (0000001000000000000000000000000000000000000000000000000000000000)

State 61 file ../Examples/LazyCSeqFormat/_cs_read_write_lock_false-unreach-call.c line 166 function main_thread thread 0
----------------------------------------------------
  size=4 (0000000000000000000000000000000000000000000000000000000000000100)

State 63 file ../Examples/LazyCSeqFormat/_cs_read_write_lock_false-unreach-call.c line 43 function __cs_init_scalar thread 0
----------------------------------------------------
  __csLOCAL_main_t1=0 (00000000000000000000000000000000)

State 68 file ../Examples/LazyCSeqFormat/_cs_read_write_lock_false-unreach-call.c line 168 function main_thread thread 0
----------------------------------------------------
  var=&__csLOCAL_main_t2 (0000001100000000000000000000000000000000000000000000000000000000)

State 69 file ../Examples/LazyCSeqFormat/_cs_read_write_lock_false-unreach-call.c line 168 function main_thread thread 0
----------------------------------------------------
  size=4 (0000000000000000000000000000000000000000000000000000000000000100)

State 71 file ../Examples/LazyCSeqFormat/_cs_read_write_lock_false-unreach-call.c line 43 function __cs_init_scalar thread 0
----------------------------------------------------
  __csLOCAL_main_t2=0 (00000000000000000000000000000000)

State 76 file ../Examples/LazyCSeqFormat/_cs_read_write_lock_false-unreach-call.c line 170 function main_thread thread 0
----------------------------------------------------
  var=&__csLOCAL_main_t3 (0000010000000000000000000000000000000000000000000000000000000000)

State 77 file ../Examples/LazyCSeqFormat/_cs_read_write_lock_false-unreach-call.c line 170 function main_thread thread 0
----------------------------------------------------
  size=4 (0000000000000000000000000000000000000000000000000000000000000100)

State 79 file ../Examples/LazyCSeqFormat/_cs_read_write_lock_false-unreach-call.c line 43 function __cs_init_scalar thread 0
----------------------------------------------------
  __csLOCAL_main_t3=0 (00000000000000000000000000000000)

State 84 file ../Examples/LazyCSeqFormat/_cs_read_write_lock_false-unreach-call.c line 172 function main_thread thread 0
----------------------------------------------------
  var=&__csLOCAL_main_t4 (0000010100000000000000000000000000000000000000000000000000000000)

State 85 file ../Examples/LazyCSeqFormat/_cs_read_write_lock_false-unreach-call.c line 172 function main_thread thread 0
----------------------------------------------------
  size=4 (0000000000000000000000000000000000000000000000000000000000000100)

State 87 file ../Examples/LazyCSeqFormat/_cs_read_write_lock_false-unreach-call.c line 43 function __cs_init_scalar thread 0
----------------------------------------------------
  __csLOCAL_main_t4=0 (00000000000000000000000000000000)

State 92 file ../Examples/LazyCSeqFormat/_cs_read_write_lock_false-unreach-call.c line 173 function main_thread thread 0
----------------------------------------------------
  id=&__csLOCAL_main_t1 (0000001000000000000000000000000000000000000000000000000000000000)

State 93 file ../Examples/LazyCSeqFormat/_cs_read_write_lock_false-unreach-call.c line 173 function main_thread thread 0
----------------------------------------------------
  attr=NULL (0000000000000000000000000000000000000000000000000000000000000000)

State 94 file ../Examples/LazyCSeqFormat/_cs_read_write_lock_false-unreach-call.c line 173 function main_thread thread 0
----------------------------------------------------
  t=writer_0 (0000011000000000000000000000000000000000000000000000000000000000)

State 95 file ../Examples/LazyCSeqFormat/_cs_read_write_lock_false-unreach-call.c line 173 function main_thread thread 0
----------------------------------------------------
  arg=NULL (0000000000000000000000000000000000000000000000000000000000000000)

State 96 file ../Examples/LazyCSeqFormat/_cs_read_write_lock_false-unreach-call.c line 173 function main_thread thread 0
----------------------------------------------------
  threadID=1 (00000000000000000000000000000001)

State 98 file ../Examples/LazyCSeqFormat/_cs_read_write_lock_false-unreach-call.c line 65 function __cs_create thread 0
----------------------------------------------------
  __csLOCAL_main_t1=1 (00000000000000000000000000000001)

State 99 file ../Examples/LazyCSeqFormat/_cs_read_write_lock_false-unreach-call.c line 65 function __cs_create thread 0
----------------------------------------------------
  active_thread[1]=1 (1)

State 100 file ../Examples/LazyCSeqFormat/_cs_read_write_lock_false-unreach-call.c line 65 function __cs_create thread 0
----------------------------------------------------
  threadargs[1]=NULL (0000000000000000000000000000000000000000000000000000000000000000)

State 109 file ../Examples/LazyCSeqFormat/_cs_read_write_lock_false-unreach-call.c line 174 function main_thread thread 0
----------------------------------------------------
  id=&__csLOCAL_main_t2 (0000001100000000000000000000000000000000000000000000000000000000)

State 110 file ../Examples/LazyCSeqFormat/_cs_read_write_lock_false-unreach-call.c line 174 function main_thread thread 0
----------------------------------------------------
  attr=NULL (0000000000000000000000000000000000000000000000000000000000000000)

State 111 file ../Examples/LazyCSeqFormat/_cs_read_write_lock_false-unreach-call.c line 174 function main_thread thread 0
----------------------------------------------------
  t=reader_0 (0000011100000000000000000000000000000000000000000000000000000000)

State 112 file ../Examples/LazyCSeqFormat/_cs_read_write_lock_false-unreach-call.c line 174 function main_thread thread 0
----------------------------------------------------
  arg=NULL (0000000000000000000000000000000000000000000000000000000000000000)

State 113 file ../Examples/LazyCSeqFormat/_cs_read_write_lock_false-unreach-call.c line 174 function main_thread thread 0
----------------------------------------------------
  threadID=2 (00000000000000000000000000000010)

State 115 file ../Examples/LazyCSeqFormat/_cs_read_write_lock_false-unreach-call.c line 65 function __cs_create thread 0
----------------------------------------------------
  __csLOCAL_main_t2=2 (00000000000000000000000000000010)

State 116 file ../Examples/LazyCSeqFormat/_cs_read_write_lock_false-unreach-call.c line 65 function __cs_create thread 0
----------------------------------------------------
  active_thread[2]=1 (1)

State 117 file ../Examples/LazyCSeqFormat/_cs_read_write_lock_false-unreach-call.c line 65 function __cs_create thread 0
----------------------------------------------------
  threadargs[2]=NULL (0000000000000000000000000000000000000000000000000000000000000000)

State 126 file ../Examples/LazyCSeqFormat/_cs_read_write_lock_false-unreach-call.c line 175 function main_thread thread 0
----------------------------------------------------
  id=&__csLOCAL_main_t3 (0000010000000000000000000000000000000000000000000000000000000000)

State 127 file ../Examples/LazyCSeqFormat/_cs_read_write_lock_false-unreach-call.c line 175 function main_thread thread 0
----------------------------------------------------
  attr=NULL (0000000000000000000000000000000000000000000000000000000000000000)

State 128 file ../Examples/LazyCSeqFormat/_cs_read_write_lock_false-unreach-call.c line 175 function main_thread thread 0
----------------------------------------------------
  t=writer_1 (0000100000000000000000000000000000000000000000000000000000000000)

State 129 file ../Examples/LazyCSeqFormat/_cs_read_write_lock_false-unreach-call.c line 175 function main_thread thread 0
----------------------------------------------------
  arg=NULL (0000000000000000000000000000000000000000000000000000000000000000)

State 130 file ../Examples/LazyCSeqFormat/_cs_read_write_lock_false-unreach-call.c line 175 function main_thread thread 0
----------------------------------------------------
  threadID=3 (00000000000000000000000000000011)

State 132 file ../Examples/LazyCSeqFormat/_cs_read_write_lock_false-unreach-call.c line 65 function __cs_create thread 0
----------------------------------------------------
  __csLOCAL_main_t3=3 (00000000000000000000000000000011)

State 133 file ../Examples/LazyCSeqFormat/_cs_read_write_lock_false-unreach-call.c line 65 function __cs_create thread 0
----------------------------------------------------
  active_thread[3]=1 (1)

State 134 file ../Examples/LazyCSeqFormat/_cs_read_write_lock_false-unreach-call.c line 65 function __cs_create thread 0
----------------------------------------------------
  threadargs[3]=NULL (0000000000000000000000000000000000000000000000000000000000000000)

State 143 file ../Examples/LazyCSeqFormat/_cs_read_write_lock_false-unreach-call.c line 176 function main_thread thread 0
----------------------------------------------------
  id=&__csLOCAL_main_t4 (0000010100000000000000000000000000000000000000000000000000000000)

State 144 file ../Examples/LazyCSeqFormat/_cs_read_write_lock_false-unreach-call.c line 176 function main_thread thread 0
----------------------------------------------------
  attr=NULL (0000000000000000000000000000000000000000000000000000000000000000)

State 145 file ../Examples/LazyCSeqFormat/_cs_read_write_lock_false-unreach-call.c line 176 function main_thread thread 0
----------------------------------------------------
  t=reader_1 (0000100100000000000000000000000000000000000000000000000000000000)

State 146 file ../Examples/LazyCSeqFormat/_cs_read_write_lock_false-unreach-call.c line 176 function main_thread thread 0
----------------------------------------------------
  arg=NULL (0000000000000000000000000000000000000000000000000000000000000000)

State 147 file ../Examples/LazyCSeqFormat/_cs_read_write_lock_false-unreach-call.c line 176 function main_thread thread 0
----------------------------------------------------
  threadID=4 (00000000000000000000000000000100)

State 149 file ../Examples/LazyCSeqFormat/_cs_read_write_lock_false-unreach-call.c line 65 function __cs_create thread 0
----------------------------------------------------
  __csLOCAL_main_t4=4 (00000000000000000000000000000100)

State 150 file ../Examples/LazyCSeqFormat/_cs_read_write_lock_false-unreach-call.c line 65 function __cs_create thread 0
----------------------------------------------------
  active_thread[4]=1 (1)

State 151 file ../Examples/LazyCSeqFormat/_cs_read_write_lock_false-unreach-call.c line 65 function __cs_create thread 0
----------------------------------------------------
  threadargs[4]=NULL (0000000000000000000000000000000000000000000000000000000000000000)

State 173 file ../Examples/LazyCSeqFormat/_cs_read_write_lock_false-unreach-call.c line 209 function main thread 0
----------------------------------------------------
  pc[0]=4 (0100)

State 174 file ../Examples/LazyCSeqFormat/_cs_read_write_lock_false-unreach-call.c line 211 function main thread 0
----------------------------------------------------
  thread_index=1 (00000000000000000000000000000001)

State 176 file ../Examples/LazyCSeqFormat/_cs_read_write_lock_false-unreach-call.c line 213 function main thread 0
----------------------------------------------------
  pc_cs[1]=0 (00000)

State 180 file ../Examples/LazyCSeqFormat/_cs_read_write_lock_false-unreach-call.c line 215 function main thread 0
----------------------------------------------------
  __csLOCALPARAM_writer_arg=NULL (0000000000000000000000000000000000000000000000000000000000000000)

State 196 file ../Examples/LazyCSeqFormat/_cs_read_write_lock_false-unreach-call.c line 216 function main thread 0
----------------------------------------------------
  pc[1]=0 (0000)

State 197 file ../Examples/LazyCSeqFormat/_cs_read_write_lock_false-unreach-call.c line 219 function main thread 0
----------------------------------------------------
  thread_index=2 (00000000000000000000000000000010)

State 199 file ../Examples/LazyCSeqFormat/_cs_read_write_lock_false-unreach-call.c line 221 function main thread 0
----------------------------------------------------
  pc_cs[2]=6 (00110)

State 203 file ../Examples/LazyCSeqFormat/_cs_read_write_lock_false-unreach-call.c line 223 function main thread 0
----------------------------------------------------
  __csLOCALPARAM_reader_arg=NULL (0000000000000000000000000000000000000000000000000000000000000000)

State 210 file ../Examples/LazyCSeqFormat/_cs_read_write_lock_false-unreach-call.c line 122 function reader_0 thread 0
----------------------------------------------------
  var=&__csLOCAL_reader_l (0000101000000000000000000000000000000000000000000000000000000000)

State 211 file ../Examples/LazyCSeqFormat/_cs_read_write_lock_false-unreach-call.c line 122 function reader_0 thread 0
----------------------------------------------------
  size=4 (0000000000000000000000000000000000000000000000000000000000000100)

State 213 file ../Examples/LazyCSeqFormat/_cs_read_write_lock_false-unreach-call.c line 43 function __cs_init_scalar thread 0
----------------------------------------------------
  __csLOCAL_reader_l=0 (00000000000000000000000000000000)

State 223 file ../Examples/LazyCSeqFormat/_cs_read_write_lock_false-unreach-call.c line 92 function __CS_atomic_take_read_lock thread 0
----------------------------------------------------
  r=1 (00000000000000000000000000000001)

State 229 file ../Examples/LazyCSeqFormat/_cs_read_write_lock_false-unreach-call.c line 124 function reader_0 thread 0
----------------------------------------------------
  __csLOCAL_reader_l=0 (00000000000000000000000000000000)

State 234 file ../Examples/LazyCSeqFormat/_cs_read_write_lock_false-unreach-call.c line 125 function reader_0 thread 0
----------------------------------------------------
  y=0 (00000000000000000000000000000000)

State 244 file ../Examples/LazyCSeqFormat/_cs_read_write_lock_false-unreach-call.c line 132 function reader_0 thread 0
----------------------------------------------------
  __csLOCAL_reader_l=0 (00000000000000000000000000000000)

State 252 file ../Examples/LazyCSeqFormat/_cs_read_write_lock_false-unreach-call.c line 224 function main thread 0
----------------------------------------------------
  pc[2]=6 (0110)

State 253 file ../Examples/LazyCSeqFormat/_cs_read_write_lock_false-unreach-call.c line 227 function main thread 0
----------------------------------------------------
  thread_index=3 (00000000000000000000000000000011)

State 255 file ../Examples/LazyCSeqFormat/_cs_read_write_lock_false-unreach-call.c line 229 function main thread 0
----------------------------------------------------
  pc_cs[3]=0 (00000)

State 259 file ../Examples/LazyCSeqFormat/_cs_read_write_lock_false-unreach-call.c line 231 function main thread 0
----------------------------------------------------
  __csLOCALPARAM_writer_arg=NULL (0000000000000000000000000000000000000000000000000000000000000000)

State 275 file ../Examples/LazyCSeqFormat/_cs_read_write_lock_false-unreach-call.c line 232 function main thread 0
----------------------------------------------------
  pc[3]=0 (0000)

State 276 file ../Examples/LazyCSeqFormat/_cs_read_write_lock_false-unreach-call.c line 235 function main thread 0
----------------------------------------------------
  thread_index=4 (00000000000000000000000000000100)

State 278 file ../Examples/LazyCSeqFormat/_cs_read_write_lock_false-unreach-call.c line 237 function main thread 0
----------------------------------------------------
  pc_cs[4]=4 (00100)

State 282 file ../Examples/LazyCSeqFormat/_cs_read_write_lock_false-unreach-call.c line 239 function main thread 0
----------------------------------------------------
  __csLOCALPARAM_reader_arg=NULL (0000000000000000000000000000000000000000000000000000000000000000)

State 289 file ../Examples/LazyCSeqFormat/_cs_read_write_lock_false-unreach-call.c line 144 function reader_1 thread 0
----------------------------------------------------
  var=&__csLOCAL_reader_l (0000101100000000000000000000000000000000000000000000000000000000)

State 290 file ../Examples/LazyCSeqFormat/_cs_read_write_lock_false-unreach-call.c line 144 function reader_1 thread 0
----------------------------------------------------
  size=4 (0000000000000000000000000000000000000000000000000000000000000100)

State 292 file ../Examples/LazyCSeqFormat/_cs_read_write_lock_false-unreach-call.c line 43 function __cs_init_scalar thread 0
----------------------------------------------------
  __csLOCAL_reader_l=0 (00000000000000000000000000000000)

State 302 file ../Examples/LazyCSeqFormat/_cs_read_write_lock_false-unreach-call.c line 92 function __CS_atomic_take_read_lock thread 0
----------------------------------------------------
  r=2 (00000000000000000000000000000010)

State 308 file ../Examples/LazyCSeqFormat/_cs_read_write_lock_false-unreach-call.c line 146 function reader_1 thread 0
----------------------------------------------------
  __csLOCAL_reader_l=0 (00000000000000000000000000000000)

State 313 file ../Examples/LazyCSeqFormat/_cs_read_write_lock_false-unreach-call.c line 147 function reader_1 thread 0
----------------------------------------------------
  y=0 (00000000000000000000000000000000)

State 329 file ../Examples/LazyCSeqFormat/_cs_read_write_lock_false-unreach-call.c line 240 function main thread 0
----------------------------------------------------
  pc[4]=4 (0100)

State 330 file ../Examples/LazyCSeqFormat/_cs_read_write_lock_false-unreach-call.c line 244 function main thread 0
----------------------------------------------------
  thread_index=0 (00000000000000000000000000000000)

State 332 file ../Examples/LazyCSeqFormat/_cs_read_write_lock_false-unreach-call.c line 246 function main thread 0
----------------------------------------------------
  pc_cs[0]=4 (00100)

State 374 file ../Examples/LazyCSeqFormat/_cs_read_write_lock_false-unreach-call.c line 248 function main thread 0
----------------------------------------------------
  pc[0]=4 (0100)

State 375 file ../Examples/LazyCSeqFormat/_cs_read_write_lock_false-unreach-call.c line 251 function main thread 0
----------------------------------------------------
  thread_index=1 (00000000000000000000000000000001)

State 377 file ../Examples/LazyCSeqFormat/_cs_read_write_lock_false-unreach-call.c line 253 function main thread 0
----------------------------------------------------
  pc_cs[1]=0 (00000)

State 381 file ../Examples/LazyCSeqFormat/_cs_read_write_lock_false-unreach-call.c line 255 function main thread 0
----------------------------------------------------
  __csLOCALPARAM_writer_arg=NULL (0000000000000000000000000000000000000000000000000000000000000000)

State 397 file ../Examples/LazyCSeqFormat/_cs_read_write_lock_false-unreach-call.c line 256 function main thread 0
----------------------------------------------------
  pc[1]=0 (0000)

State 398 file ../Examples/LazyCSeqFormat/_cs_read_write_lock_false-unreach-call.c line 259 function main thread 0
----------------------------------------------------
  thread_index=2 (00000000000000000000000000000010)

State 400 file ../Examples/LazyCSeqFormat/_cs_read_write_lock_false-unreach-call.c line 261 function main thread 0
----------------------------------------------------
  pc_cs[2]=7 (00111)

State 404 file ../Examples/LazyCSeqFormat/_cs_read_write_lock_false-unreach-call.c line 263 function main thread 0
----------------------------------------------------
  __csLOCALPARAM_reader_arg=NULL (0000000000000000000000000000000000000000000000000000000000000000)

State 439 file ../Examples/LazyCSeqFormat/_cs_read_write_lock_false-unreach-call.c line 133 function reader_0 thread 0
----------------------------------------------------
  r=0 (00000000000000000000000000000000)

State 444 file ../Examples/LazyCSeqFormat/_cs_read_write_lock_false-unreach-call.c line 264 function main thread 0
----------------------------------------------------
  pc[2]=7 (0111)

State 445 file ../Examples/LazyCSeqFormat/_cs_read_write_lock_false-unreach-call.c line 267 function main thread 0
----------------------------------------------------
  thread_index=3 (00000000000000000000000000000011)

State 447 file ../Examples/LazyCSeqFormat/_cs_read_write_lock_false-unreach-call.c line 269 function main thread 0
----------------------------------------------------
  pc_cs[3]=3 (00011)

State 451 file ../Examples/LazyCSeqFormat/_cs_read_write_lock_false-unreach-call.c line 271 function main thread 0
----------------------------------------------------
  __csLOCALPARAM_writer_arg=NULL (0000000000000000000000000000000000000000000000000000000000000000)

State 459 file ../Examples/LazyCSeqFormat/_cs_read_write_lock_false-unreach-call.c line 86 function __CS_atomic_take_write_lock thread 0
----------------------------------------------------
  w=1 (00000000000000000000000000000001)

State 465 file ../Examples/LazyCSeqFormat/_cs_read_write_lock_false-unreach-call.c line 110 function writer_1 thread 0
----------------------------------------------------
  x=3 (00000000000000000000000000000011)

State 470 file ../Examples/LazyCSeqFormat/_cs_read_write_lock_false-unreach-call.c line 111 function writer_1 thread 0
----------------------------------------------------
  w=0 (00000000000000000000000000000000)

State 475 file ../Examples/LazyCSeqFormat/_cs_read_write_lock_false-unreach-call.c line 272 function main thread 0
----------------------------------------------------
  pc[3]=3 (0011)

State 476 file ../Examples/LazyCSeqFormat/_cs_read_write_lock_false-unreach-call.c line 275 function main thread 0
----------------------------------------------------
  thread_index=4 (00000000000000000000000000000100)

State 478 file ../Examples/LazyCSeqFormat/_cs_read_write_lock_false-unreach-call.c line 277 function main thread 0
----------------------------------------------------
  pc_cs[4]=5 (00101)

State 482 file ../Examples/LazyCSeqFormat/_cs_read_write_lock_false-unreach-call.c line 279 function main thread 0
----------------------------------------------------
  __csLOCALPARAM_reader_arg=NULL (0000000000000000000000000000000000000000000000000000000000000000)

Violated property:
  file ../Examples/LazyCSeqFormat/_cs_read_write_lock_false-unreach-call.c line 150 function reader_1
  assertion 0
  (_Bool)0

VERIFICATION FAILED
